Release 10.1.03 Map K.39 (lin64)
Xilinx Mapping Report File for Design 'scheme'

Design Information
------------------
Command Line   : map -ise /export/home/wllv/cacheProject/cacheProject.ise
-intstyle ise -p xa2s50e-tq144-6 -cm area -pr off -k 4 -c 100 -tx off -o
scheme_map.ncd scheme.ngd scheme.pcf 
Target Device  : xa2s50e
Target Package : tq144
Target Speed   : -6
Mapper Version : aspartan2e -- $Revision: 1.46.12.2 $
Mapped Date    : Fri Jan  2 16:53:20 2015

Design Summary
--------------
Number of errors   :   1
Number of warnings :   0

Section 1 - Errors
------------------
ERROR:Map:116 - The design is empty.  No processing will be done.

Section 2 - Warnings
--------------------

Section 3 - Informational
-------------------------
